2021-10-11 13:47:48.024  INFO 108 --- [main] com.qihoo.wzws.rzb.Application           : Starting Application using Java 1.8.0_251 on PC-20200425BXAP with PID 108 (F:\otherwork\java\xingtu\target\classes started by Administrator in F:\otherwork\java\xingtu)
2021-10-11 13:47:48.028  INFO 108 --- [main] com.qihoo.wzws.rzb.Application           : No active profile set, falling back to default profiles: default
2021-10-11 13:47:49.625  INFO 108 --- [main] o.s.b.w.embedded.tomcat.TomcatWebServer  : Tomcat initialized with port(s): 8080 (http)
2021-10-11 13:47:49.637  INFO 108 --- [main] o.apache.catalina.core.StandardService   : Starting service [Tomcat]
2021-10-11 13:47:49.638  INFO 108 --- [main] org.apache.catalina.core.StandardEngine  : Starting Servlet engine: [Apache Tomcat/9.0.53]
2021-10-11 13:47:49.754  INFO 108 --- [main] o.a.c.c.C.[Tomcat].[localhost].[/]       : Initializing Spring embedded WebApplicationContext
2021-10-11 13:47:49.754  INFO 108 --- [main] w.s.c.ServletWebServerApplicationContext : Root WebApplicationContext: initialization completed in 1663 ms
2021-10-11 13:47:50.432  INFO 108 --- [main] o.s.b.w.embedded.tomcat.TomcatWebServer  : Tomcat started on port(s): 8080 (http) with context path ''
2021-10-11 13:47:50.446  INFO 108 --- [main] com.qihoo.wzws.rzb.Application           : Started Application in 3.193 seconds (JVM running for 4.866)
2021-10-11 13:48:05.755  INFO 108 --- [http-nio-8080-exec-1] o.a.c.c.C.[Tomcat].[localhost].[/]       : Initializing Spring DispatcherServlet 'dispatcherServlet'
2021-10-11 13:48:05.755  INFO 108 --- [http-nio-8080-exec-1] o.s.web.servlet.DispatcherServlet        : Initializing Servlet 'dispatcherServlet'
2021-10-11 13:48:05.757  INFO 108 --- [http-nio-8080-exec-1] o.s.web.servlet.DispatcherServlet        : Completed initialization in 1 ms
2021-10-11 13:48:05.865  INFO 108 --- [http-nio-8080-exec-1] com.qihoo.wzws.rzb.secure.AnalyzeSingle  : =====本次分析开始 =====
2021-10-11 13:49:00.754  INFO 108 --- [http-nio-8080-exec-1] com.qihoo.wzws.rzb.secure.AnalyzeSingle  : 运行前检查...
2021-10-11 13:49:06.142  INFO 108 --- [http-nio-8080-exec-1] com.qihoo.wzws.rzb.util.ValidateConfig   : 设置的host为:default
2021-10-11 13:49:06.143  INFO 108 --- [http-nio-8080-exec-1] com.qihoo.wzws.rzb.util.ValidateConfig   : 日志路径为:G:\xingtu\logs\1.log
2021-10-11 13:49:06.146  INFO 108 --- [http-nio-8080-exec-1] com.qihoo.wzws.rzb.secure.AnalyzeSingle  : 加载系统配置文件:F:\otherwork\java\xingtu\target\classes\conf\config.ini
2021-10-11 13:49:06.146  INFO 108 --- [http-nio-8080-exec-1] com.qihoo.wzws.rzb.secure.AnalyzeSingle  : 加载分析规则文件:F:\otherwork\java\xingtu\target\classes\conf\rules.ini
2021-10-11 13:49:07.519  INFO 108 --- [http-nio-8080-exec-1] com.qihoo.wzws.rzb.secure.AnalyzeSingle  : 当前分配的系统内存为：213M
2021-10-11 13:49:07.519  INFO 108 --- [http-nio-8080-exec-1] com.qihoo.wzws.rzb.secure.AnalyzeSingle  : 检查完毕！
2021-10-11 13:49:07.520  INFO 108 --- [http-nio-8080-exec-1] com.qihoo.wzws.rzb.secure.AnalyzeSingle  : ---------------
2021-10-11 13:49:07.520  INFO 108 --- [http-nio-8080-exec-1] com.qihoo.wzws.rzb.secure.AnalyzeSingle  : 开始分析，请耐心等待(分析1G日志大约需要200秒)...
2021-10-11 13:49:07.520  INFO 108 --- [http-nio-8080-exec-1] com.qihoo.wzws.rzb.secure.AnalyzeSingle  : ---------------
2021-10-11 13:49:07.525  INFO 108 --- [http-nio-8080-exec-1] com.qihoo.wzws.rzb.secure.AnalyzeSingle  : 当前文件为：1.log;文件大小为：119M
2021-10-11 14:01:01.398  INFO 3788 --- [main] com.qihoo.wzws.rzb.Application           : Starting Application using Java 1.8.0_251 on PC-20200425BXAP with PID 3788 (F:\otherwork\java\xingtu\target\classes started by Administrator in F:\otherwork\java\xingtu)
2021-10-11 14:01:01.403  INFO 3788 --- [main] com.qihoo.wzws.rzb.Application           : No active profile set, falling back to default profiles: default
2021-10-11 14:01:02.944  INFO 3788 --- [main] o.s.b.w.embedded.tomcat.TomcatWebServer  : Tomcat initialized with port(s): 8080 (http)
2021-10-11 14:01:02.956  INFO 3788 --- [main] o.apache.catalina.core.StandardService   : Starting service [Tomcat]
2021-10-11 14:01:02.957  INFO 3788 --- [main] org.apache.catalina.core.StandardEngine  : Starting Servlet engine: [Apache Tomcat/9.0.53]
2021-10-11 14:01:03.071  INFO 3788 --- [main] o.a.c.c.C.[Tomcat].[localhost].[/]       : Initializing Spring embedded WebApplicationContext
2021-10-11 14:01:03.072  INFO 3788 --- [main] w.s.c.ServletWebServerApplicationContext : Root WebApplicationContext: initialization completed in 1600 ms
2021-10-11 14:01:03.777  INFO 3788 --- [main] o.s.b.w.embedded.tomcat.TomcatWebServer  : Tomcat started on port(s): 8080 (http) with context path ''
2021-10-11 14:01:03.789  INFO 3788 --- [main] com.qihoo.wzws.rzb.Application           : Started Application in 3.11 seconds (JVM running for 4.772)
2021-10-11 14:01:46.998  INFO 3788 --- [http-nio-8080-exec-1] o.a.c.c.C.[Tomcat].[localhost].[/]       : Initializing Spring DispatcherServlet 'dispatcherServlet'
2021-10-11 14:01:46.998  INFO 3788 --- [http-nio-8080-exec-1] o.s.web.servlet.DispatcherServlet        : Initializing Servlet 'dispatcherServlet'
2021-10-11 14:01:46.999  INFO 3788 --- [http-nio-8080-exec-1] o.s.web.servlet.DispatcherServlet        : Completed initialization in 1 ms
2021-10-11 14:01:47.101  INFO 3788 --- [http-nio-8080-exec-1] com.qihoo.wzws.rzb.secure.AnalyzeSingle  : =====本次分析开始 =====
2021-10-11 14:01:50.103  INFO 3788 --- [http-nio-8080-exec-1] com.qihoo.wzws.rzb.secure.AnalyzeSingle  : 运行前检查...
2021-10-11 14:02:00.120  INFO 3788 --- [http-nio-8080-exec-1] com.qihoo.wzws.rzb.util.ValidateConfig   : 设置的host为:default
2021-10-11 14:02:00.121  INFO 3788 --- [http-nio-8080-exec-1] com.qihoo.wzws.rzb.util.ValidateConfig   : 日志路径为:G:\xingtu\logs\1.log
2021-10-11 14:02:00.123  INFO 3788 --- [http-nio-8080-exec-1] com.qihoo.wzws.rzb.secure.AnalyzeSingle  : 加载系统配置文件:F:\otherwork\java\xingtu\target\classes\conf\config.ini
2021-10-11 14:02:00.123  INFO 3788 --- [http-nio-8080-exec-1] com.qihoo.wzws.rzb.secure.AnalyzeSingle  : 加载分析规则文件:F:\otherwork\java\xingtu\target\classes\conf\rules.ini
2021-10-11 14:02:01.040  INFO 3788 --- [http-nio-8080-exec-1] com.qihoo.wzws.rzb.secure.AnalyzeSingle  : 当前分配的系统内存为：216M
2021-10-11 14:02:01.040  INFO 3788 --- [http-nio-8080-exec-1] com.qihoo.wzws.rzb.secure.AnalyzeSingle  : 检查完毕！
2021-10-11 14:02:01.041  INFO 3788 --- [http-nio-8080-exec-1] com.qihoo.wzws.rzb.secure.AnalyzeSingle  : ---------------
2021-10-11 14:02:01.041  INFO 3788 --- [http-nio-8080-exec-1] com.qihoo.wzws.rzb.secure.AnalyzeSingle  : 开始分析，请耐心等待(分析1G日志大约需要200秒)...
2021-10-11 14:02:01.041  INFO 3788 --- [http-nio-8080-exec-1] com.qihoo.wzws.rzb.secure.AnalyzeSingle  : ---------------
2021-10-11 14:02:01.047  INFO 3788 --- [http-nio-8080-exec-1] com.qihoo.wzws.rzb.secure.AnalyzeSingle  : 当前文件为：1.log;文件大小为：119M
2021-10-11 14:17:07.533  INFO 23904 --- [main] com.qihoo.wzws.rzb.Application           : Starting Application using Java 1.8.0_251 on PC-20200425BXAP with PID 23904 (F:\otherwork\java\xingtu\target\classes started by Administrator in F:\otherwork\java\xingtu)
2021-10-11 14:17:07.536  INFO 23904 --- [main] com.qihoo.wzws.rzb.Application           : No active profile set, falling back to default profiles: default
2021-10-11 14:17:08.907  INFO 23904 --- [main] o.s.b.w.embedded.tomcat.TomcatWebServer  : Tomcat initialized with port(s): 8080 (http)
2021-10-11 14:17:08.919  INFO 23904 --- [main] o.apache.catalina.core.StandardService   : Starting service [Tomcat]
2021-10-11 14:17:08.919  INFO 23904 --- [main] org.apache.catalina.core.StandardEngine  : Starting Servlet engine: [Apache Tomcat/9.0.53]
2021-10-11 14:17:09.037  INFO 23904 --- [main] o.a.c.c.C.[Tomcat].[localhost].[/]       : Initializing Spring embedded WebApplicationContext
2021-10-11 14:17:09.038  INFO 23904 --- [main] w.s.c.ServletWebServerApplicationContext : Root WebApplicationContext: initialization completed in 1444 ms
2021-10-11 14:17:09.651  INFO 23904 --- [main] o.s.b.w.embedded.tomcat.TomcatWebServer  : Tomcat started on port(s): 8080 (http) with context path ''
2021-10-11 14:17:09.662  INFO 23904 --- [main] com.qihoo.wzws.rzb.Application           : Started Application in 2.708 seconds (JVM running for 3.974)
2021-10-11 14:17:42.725  INFO 23904 --- [http-nio-8080-exec-1] o.a.c.c.C.[Tomcat].[localhost].[/]       : Initializing Spring DispatcherServlet 'dispatcherServlet'
2021-10-11 14:17:42.726  INFO 23904 --- [http-nio-8080-exec-1] o.s.web.servlet.DispatcherServlet        : Initializing Servlet 'dispatcherServlet'
2021-10-11 14:17:42.727  INFO 23904 --- [http-nio-8080-exec-1] o.s.web.servlet.DispatcherServlet        : Completed initialization in 1 ms
2021-10-11 14:17:42.804  INFO 23904 --- [http-nio-8080-exec-1] com.qihoo.wzws.rzb.secure.AnalyzeSingle  : =====本次分析开始 =====
2021-10-11 14:17:45.805  INFO 23904 --- [http-nio-8080-exec-1] com.qihoo.wzws.rzb.secure.AnalyzeSingle  : 运行前检查...
2021-10-11 14:17:45.805 ERROR 23904 --- [http-nio-8080-exec-1] com.qihoo.wzws.rzb.secure.AnalyzeSingle  : conf/config.ini文件不存在。: F:\otherwork\java\xingtu\conf\config.ini
2021-10-11 14:20:46.425  INFO 11944 --- [main] com.qihoo.wzws.rzb.Application           : Starting Application using Java 1.8.0_251 on PC-20200425BXAP with PID 11944 (F:\otherwork\java\xingtu\target\classes started by Administrator in F:\otherwork\java\xingtu)
2021-10-11 14:20:46.429  INFO 11944 --- [main] com.qihoo.wzws.rzb.Application           : No active profile set, falling back to default profiles: default
2021-10-11 14:20:47.685  INFO 11944 --- [main] o.s.b.w.embedded.tomcat.TomcatWebServer  : Tomcat initialized with port(s): 8080 (http)
2021-10-11 14:20:47.696  INFO 11944 --- [main] o.apache.catalina.core.StandardService   : Starting service [Tomcat]
2021-10-11 14:20:47.696  INFO 11944 --- [main] org.apache.catalina.core.StandardEngine  : Starting Servlet engine: [Apache Tomcat/9.0.53]
2021-10-11 14:20:47.830  INFO 11944 --- [main] o.a.c.c.C.[Tomcat].[localhost].[/]       : Initializing Spring embedded WebApplicationContext
2021-10-11 14:20:47.831  INFO 11944 --- [main] w.s.c.ServletWebServerApplicationContext : Root WebApplicationContext: initialization completed in 1339 ms
2021-10-11 14:20:48.446  INFO 11944 --- [main] o.s.b.w.embedded.tomcat.TomcatWebServer  : Tomcat started on port(s): 8080 (http) with context path ''
2021-10-11 14:20:48.459  INFO 11944 --- [main] com.qihoo.wzws.rzb.Application           : Started Application in 2.619 seconds (JVM running for 4.007)
2021-10-11 14:21:01.630  INFO 11944 --- [http-nio-8080-exec-1] o.a.c.c.C.[Tomcat].[localhost].[/]       : Initializing Spring DispatcherServlet 'dispatcherServlet'
2021-10-11 14:21:01.630  INFO 11944 --- [http-nio-8080-exec-1] o.s.web.servlet.DispatcherServlet        : Initializing Servlet 'dispatcherServlet'
2021-10-11 14:21:01.631  INFO 11944 --- [http-nio-8080-exec-1] o.s.web.servlet.DispatcherServlet        : Completed initialization in 1 ms
2021-10-11 14:21:01.692  INFO 11944 --- [http-nio-8080-exec-1] com.qihoo.wzws.rzb.secure.AnalyzeSingle  : =====本次分析开始 =====
2021-10-11 14:21:04.693  INFO 11944 --- [http-nio-8080-exec-1] com.qihoo.wzws.rzb.secure.AnalyzeSingle  : 运行前检查...
2021-10-11 14:21:04.699  INFO 11944 --- [http-nio-8080-exec-1] com.qihoo.wzws.rzb.util.ValidateConfig   : 设置的host为:default
2021-10-11 14:21:04.700  INFO 11944 --- [http-nio-8080-exec-1] com.qihoo.wzws.rzb.util.ValidateConfig   : 日志路径为:G:\xingtu\logs\1.log
2021-10-11 14:21:04.702  INFO 11944 --- [http-nio-8080-exec-1] com.qihoo.wzws.rzb.secure.AnalyzeSingle  : 加载系统配置文件:F:\otherwork\java\xingtu\target\classes\conf\config.ini
2021-10-11 14:21:04.702  INFO 11944 --- [http-nio-8080-exec-1] com.qihoo.wzws.rzb.secure.AnalyzeSingle  : 加载分析规则文件:F:\otherwork\java\xingtu\target\classes\conf\rules.ini
2021-10-11 14:21:05.521  INFO 11944 --- [http-nio-8080-exec-1] com.qihoo.wzws.rzb.secure.AnalyzeSingle  : 当前分配的系统内存为：241M
2021-10-11 14:21:05.521  INFO 11944 --- [http-nio-8080-exec-1] com.qihoo.wzws.rzb.secure.AnalyzeSingle  : 检查完毕！
2021-10-11 14:21:05.522  INFO 11944 --- [http-nio-8080-exec-1] com.qihoo.wzws.rzb.secure.AnalyzeSingle  : ---------------
2021-10-11 14:21:05.522  INFO 11944 --- [http-nio-8080-exec-1] com.qihoo.wzws.rzb.secure.AnalyzeSingle  : 开始分析，请耐心等待(分析1G日志大约需要200秒)...
2021-10-11 14:21:05.522  INFO 11944 --- [http-nio-8080-exec-1] com.qihoo.wzws.rzb.secure.AnalyzeSingle  : ---------------
2021-10-11 14:21:05.527  INFO 11944 --- [http-nio-8080-exec-1] com.qihoo.wzws.rzb.secure.AnalyzeSingle  : 当前文件为：1.log;文件大小为：119M
2021-10-11 14:22:09.247  INFO 11944 --- [http-nio-8080-exec-1] com.qihoo.wzws.rzb.secure.AnalyzeSingle  : 本次进行了[Web攻击分析、日常分析]
2021-10-11 14:22:09.248  INFO 11944 --- [http-nio-8080-exec-1] com.qihoo.wzws.rzb.secure.AnalyzeSingle  : 共分析了418033条访问日志
2021-10-11 14:22:09.248  INFO 11944 --- [http-nio-8080-exec-1] com.qihoo.wzws.rzb.secure.AnalyzeSingle  : 分析耗时:64秒
2021-10-11 14:22:09.248  INFO 11944 --- [http-nio-8080-exec-1] com.qihoo.wzws.rzb.secure.AnalyzeSingle  : 其中异常访问17552条
2021-10-11 14:22:09.248  INFO 11944 --- [http-nio-8080-exec-1] com.qihoo.wzws.rzb.secure.AnalyzeSingle  : 常规日志分析报告已生成
2021-10-11 14:22:09.248  INFO 11944 --- [http-nio-8080-exec-1] com.qihoo.wzws.rzb.secure.AnalyzeSingle  : ---------------
2021-10-11 14:22:09.248  INFO 11944 --- [http-nio-8080-exec-1] com.qihoo.wzws.rzb.secure.AnalyzeSingle  : 分析结果请打开[星图安装目录result文件夹]查看
2021-10-11 14:22:09.248  INFO 11944 --- [http-nio-8080-exec-1] com.qihoo.wzws.rzb.secure.AnalyzeSingle  : =====本次分析完成 =====
